TN:
SF:/Users/localadmin/exercism/javascript/bob/bob.js
FN:6,(anonymous_1)
FN:8,(anonymous_2)
FNF:2
FNH:1
FNDA:1,(anonymous_1)
FNDA:0,(anonymous_2)
DA:6,1
DA:8,1
DA:9,0
DA:10,0
DA:11,0
DA:12,0
DA:14,0
DA:15,0
DA:17,0
DA:18,0
DA:19,0
DA:20,0
DA:23,0
DA:24,0
DA:27,0
DA:28,0
DA:30,0
DA:31,0
DA:33,0
DA:34,0
DA:36,0
DA:37,0
DA:38,0
DA:39,0
DA:42,0
DA:43,0
DA:46,0
DA:48,0
DA:49,0
DA:50,0
DA:53,0
DA:54,0
DA:58,0
DA:63,1
LF:34
LH:3
BRDA:9,1,0,0
BRDA:9,1,1,0
BRDA:12,2,0,0
BRDA:12,2,1,0
BRDA:12,2,2,0
BRDA:12,2,3,0
BRDA:18,3,0,0
BRDA:18,3,1,0
BRDA:19,4,0,0
BRDA:19,4,1,0
BRDA:23,5,0,0
BRDA:23,5,1,0
BRDA:37,6,0,0
BRDA:37,6,1,0
BRDA:38,7,0,0
BRDA:38,7,1,0
BRDA:42,8,0,0
BRDA:42,8,1,0
BRDA:48,9,0,0
BRDA:48,9,1,0
BRDA:49,10,0,0
BRDA:49,10,1,0
BRF:22
BRH:0
end_of_record
TN:
SF:/Users/localadmin/exercism/javascript/gigasecond/gigasecond.js
FN:1,(anonymous_1)
FN:5,(anonymous_2)
FNF:2
FNH:0
FNDA:0,(anonymous_1)
FNDA:0,(anonymous_2)
DA:1,1
DA:2,0
DA:5,1
DA:6,0
DA:7,0
DA:8,0
DA:11,1
LF:7
LH:3
BRF:0
BRH:0
end_of_record
TN:
SF:/Users/localadmin/exercism/javascript/hamming/hamming.js
FN:1,(anonymous_1)
FN:5,(anonymous_2)
FNF:2
FNH:1
FNDA:1,(anonymous_1)
FNDA:0,(anonymous_2)
DA:1,1
DA:2,1
DA:5,1
DA:6,0
DA:7,0
DA:9,0
DA:10,0
DA:13,0
DA:15,0
DA:18,0
DA:19,0
DA:20,0
DA:21,0
DA:22,0
DA:24,0
DA:26,0
DA:31,1
LF:17
LH:4
BRDA:6,1,0,0
BRDA:6,1,1,0
BRDA:9,2,0,0
BRDA:9,2,1,0
BRDA:13,3,0,0
BRDA:13,3,1,0
BRDA:21,4,0,0
BRDA:21,4,1,0
BRF:8
BRH:0
end_of_record
TN:
SF:/Users/localadmin/exercism/javascript/hello-world/hello-world.js
FN:7,(anonymous_1)
FN:9,(anonymous_2)
FNF:2
FNH:1
FNDA:1,(anonymous_1)
FNDA:0,(anonymous_2)
DA:7,1
DA:9,1
DA:10,0
DA:11,0
DA:12,0
DA:14,0
DA:16,0
DA:21,1
LF:8
LH:3
BRDA:11,1,0,0
BRDA:11,1,1,0
BRF:2
BRH:0
end_of_record
TN:
SF:/Users/localadmin/exercism/javascript/leap/leap.js
FN:1,(anonymous_1)
FN:5,(anonymous_2)
FNF:2
FNH:0
FNDA:0,(anonymous_1)
FNDA:0,(anonymous_2)
DA:1,1
DA:2,0
DA:5,1
DA:6,0
DA:7,0
DA:8,0
DA:9,0
DA:11,0
DA:13,0
DA:15,0
DA:20,1
LF:11
LH:3
BRDA:6,1,0,0
BRDA:6,1,1,0
BRDA:7,2,0,0
BRDA:7,2,1,0
BRDA:8,3,0,0
BRDA:8,3,1,0
BRF:6
BRH:0
end_of_record
TN:
SF:/Users/localadmin/exercism/javascript/rna-transcription/rna-transcription.js
FN:1,(anonymous_1)
FN:3,(anonymous_2)
FNF:2
FNH:1
FNDA:1,(anonymous_1)
FNDA:0,(anonymous_2)
DA:1,1
DA:3,1
DA:4,0
DA:5,0
DA:6,0
DA:8,0
DA:9,0
DA:11,0
DA:12,0
DA:14,0
DA:15,0
DA:17,0
DA:18,0
DA:20,0
DA:22,0
DA:24,0
DA:25,0
DA:28,1
LF:18
LH:3
BRDA:6,1,0,0
BRDA:6,1,1,0
BRDA:6,1,2,0
BRDA:6,1,3,0
BRDA:6,1,4,0
BRF:5
BRH:0
end_of_record
TN:
SF:/Users/localadmin/exercism/javascript/circular-buffer/circular-buffer.js
FN:1,(anonymous_1)
FN:3,(anonymous_2)
FN:9,(anonymous_3)
FN:11,(anonymous_4)
FN:15,(anonymous_5)
FN:17,(anonymous_6)
FNF:6
FNH:0
FNDA:0,(anonymous_1)
FNDA:0,(anonymous_2)
FNDA:0,(anonymous_3)
FNDA:0,(anonymous_4)
FNDA:0,(anonymous_5)
FNDA:0,(anonymous_6)
DA:1,0
DA:3,0
DA:7,0
DA:9,0
DA:11,0
DA:13,0
DA:15,0
DA:17,0
DA:19,0
LF:9
LH:0
BRF:0
BRH:0
end_of_record
TN:
SF:/Users/localadmin/exercism/javascript/word-count/word-count.js
FNF:0
FNH:0
LF:0
LH:0
BRF:0
BRH:0
end_of_record
